[www.performanceapex.org/index.html]
[backblue.gif]
[fade.gif]
[index.html]
[www.performanceapex.org/site56f8.css]
[img4.wsimg.com/starfield/duel/v2.5.7/duel35bd.js]
[www.performanceapex.org/home.html]
[www.performanceapex.org/about.html]
[www.performanceapex.org/services.html]
[www.performanceapex.org/tips-and-tricks-blog.html]
[www.performanceapex.org/contact-us.html]
[www.performanceapex.org/missing_pagefe1c.html]
[www.performanceapex.org/index.html]
[s7.addthis.com/js/300/addthis_widget.js]
[img4.wsimg.com/wst/v7/WSB7_J_20150205_1330_WSB-12689_5111/v2/images/wsb-slideshow-nav-arrows-sprt.png]
[www.performanceapex.org/site56f8.css]
[www.performanceapex.org/css!starfield/sf.core.css]
[img4.wsimg.com/starfield/duel/v2.5.7/duel35bd.js]
[www.performanceapex.org/home.html]
[www.performanceapex.org/about.html]
[www.performanceapex.org/services.html]
[www.performanceapex.org/tips-and-tricks-blog.html]
[www.performanceapex.org/contact-us.html]
[www.performanceapex.org/missing_pagefe1c.html]
[www.performanceapex.org/css!starfield/sf.core.html]
